2024-07-21 21:12:55,978 - __main__ - WARNING : UJ4wjynEuC3PizCdMGzmUG1Zzm92ZTVs4KWhBvxtx7GvOE4Nkn0mt error 
2024-07-21 21:13:10,512 - __main__ - WARNING : 0x0ea548e51e090549a0cde331a5018413333ea3d6_TokenVault error 
2024-07-21 21:13:45,452 - __main__ - WARNING : o0GrpMmGKQnruqkhDruc6k5Q0JP2j0XkyT0Fv1n89JSeHAXyMQTQ error 
2024-07-21 21:14:00,996 - __main__ - WARNING : CxJdjutqsHINIFJUjIHIEnOP03aZCnmKQ41J7FqBcRI1qCqappnK error 
2024-07-21 21:14:02,058 - __main__ - WARNING : RxEXTOahhW4ucev6GSH9wVrXI4SVSFwryn8sC1l7OfWEilreZRpI error 
2024-07-21 21:14:09,751 - __main__ - WARNING : pQINz7CWK4iGm7G1NbQ8p5g22i6dUmNFv6S5pGN8RthIOlVz0WZIU error 
2024-07-21 21:14:15,498 - __main__ - WARNING : 0x1e2981e923cf8b23833b7fdaf6b88586dca51b5d_TokenVault error 
2024-07-21 21:14:35,857 - __main__ - WARNING : iaQze3lhDpI5Zs6ljE0azwzoY0jYXAmRm0nURpW23uhsm4H4lYASx error 
2024-07-21 21:14:40,922 - __main__ - WARNING : kdKqGFlh1Dfs2faSYxTrCB5sie4Fc9xigvFFz7ddgt3uoCkO93lsg error 
2024-07-21 21:14:59,948 - __main__ - WARNING : Ue9DFEJIDPAR1XvM5T5PxKzBLhmjKwGfKPQ0bG93WxlEc5ttcPCK error 
2024-07-21 21:15:12,299 - __main__ - WARNING : ce3tMlgbtpc2IdGOVIUlcmj50q7nfboTvQuobIHwyPqjLhUpSL271 error 
2024-07-21 21:15:13,179 - __main__ - WARNING : pA67QAZXQ8agEk3yh7adYalcKpVbqkcdUWStHfpjbxRPgD3cVWBAh error 
2024-07-21 21:15:23,996 - __main__ - WARNING : VA6O04B4I8iWlCe9vJvvCkxDKDWW93Besbf5Lq0XVHYF0wB9cn9Vw error 
2024-07-21 21:15:32,709 - __main__ - WARNING : 0x00d39ceeced93c6f8908f83535fb4f9048320b0f_TokenVault error 
2024-07-21 21:15:37,883 - __main__ - WARNING : 0x2ceac2f743d4b599b931e778481bc01819cffcd5_GreenCoin error 
2024-07-21 21:15:57,281 - __main__ - WARNING : 8jIJSA32EOJhYZdkxzAxev98noCY741Kukr6iNeX39aEYBvvFi3i error 
2024-07-21 21:16:07,179 - __main__ - WARNING : FGShojWy2CFkYMkxBBw1qVyrnBmcso1cggnzi8t1TB3QrKjamllbk error 
2024-07-21 21:16:09,220 - __main__ - WARNING : WRw1NIoqGwdiKaRvD0LFl3HsWz5n76CZ6A5gOj9QWq1zNLitV7tWB error 
2024-07-21 21:16:17,070 - __main__ - WARNING : 3X42JINchC2f7QtuRbXeL2O4VY5fNk7WixYErquqpt7cBIX4d4pHI error 
2024-07-21 21:16:21,858 - __main__ - WARNING : KBXXlSdsuuxpjl2KkU3ODhf0BVsGliW2HyowsxotJQjN1jlYwbBW error 
2024-07-21 21:16:24,210 - __main__ - WARNING : NmwJdgVDa6Fla5L5XnruZlmbRAcrnvq0BbvhsCHTMU1cVWYaOb82R error 
2024-07-21 21:16:27,305 - __main__ - WARNING : Z5lmddPFElNFbCoIvt0qJR1x4axA6zh4SxSnetAV77jEe6g0y7tLp error 
2024-07-21 21:16:28,448 - __main__ - WARNING : iJzKTETAxgLDaxt4twllM6vQLp0De0eFnWp3Rhflql9ni9kkqT8H error 
2024-07-21 21:16:34,343 - __main__ - WARNING : NizUcZC3XdIEE27r37CqCxkqCJMwTX4JZSL65FYQ4s8dqvKxveQcQ error 
2024-07-21 21:16:36,743 - __main__ - WARNING : SCLwuVwq65Yijydp299zvPxxiPKyhi9xyNI3BEfFh7kHzS0gd5F5T error 
